2024-08-15T12:29:12.326+07:00  INFO 16192 --- [BackEnd] [restartedMain] o.project4.backend.BackEndApplication    : Starting BackEndApplication using Java 21.0.2 with PID 16192 (D:\3D_China_movie\BackEnd\target\classes started by ninhn in D:\3D_China_movie\BackEnd)
2024-08-15T12:29:12.350+07:00  INFO 16192 --- [BackEnd] [restartedMain] o.project4.backend.BackEndApplication    : No active profile set, falling back to 1 default profile: "default"
2024-08-15T12:29:12.498+07:00  INFO 16192 --- [BackEnd] [restartedMain] .e.DevToolsPropertyDefaultsPostProcessor : Devtools property defaults active! Set 'spring.devtools.add-properties' to 'false' to disable
2024-08-15T12:29:12.498+07:00  INFO 16192 --- [BackEnd] [restartedMain] .e.DevToolsPropertyDefaultsPostProcessor : For additional web related logging consider setting the 'logging.level.web' property to 'DEBUG'
2024-08-15T12:29:17.509+07:00  INFO 16192 --- [BackEnd] [restartedMain] .s.d.r.c.RepositoryConfigurationDelegate : Bootstrapping Spring Data JPA repositories in DEFAULT mode.
2024-08-15T12:29:18.716+07:00  INFO 16192 --- [BackEnd] [restartedMain] .s.d.r.c.RepositoryConfigurationDelegate : Finished Spring Data repository scanning in 1184 ms. Found 17 JPA repository interfaces.
2024-08-15T12:29:20.505+07:00  WARN 16192 --- [BackEnd] [restartedMain] trationDelegate$BeanPostProcessorChecker : Bean 'org.springframework.ws.config.annotation.DelegatingWsConfiguration' of type [org.springframework.ws.config.annotation.DelegatingWsConfiguration$$SpringCGLIB$$0] is not eligible for getting processed by all BeanPostProcessors (for example: not eligible for auto-proxying). The currently created BeanPostProcessor [annotationActionEndpointMapping] is declared through a non-static factory method on that class; consider declaring it as static instead.
2024-08-15T12:29:20.623+07:00  INFO 16192 --- [BackEnd] [restartedMain] .w.s.a.s.AnnotationActionEndpointMapping : Supporting [WS-Addressing August 2004, WS-Addressing 1.0]
2024-08-15T12:29:21.432+07:00  INFO 16192 --- [BackEnd] [restartedMain] o.s.b.w.embedded.tomcat.TomcatWebServer  : Tomcat initialized with port 1412 (http)
2024-08-15T12:29:21.463+07:00  INFO 16192 --- [BackEnd] [restartedMain] o.apache.catalina.core.StandardService   : Starting service [Tomcat]
2024-08-15T12:29:21.465+07:00  INFO 16192 --- [BackEnd] [restartedMain] o.apache.catalina.core.StandardEngine    : Starting Servlet engine: [Apache Tomcat/10.1.26]
2024-08-15T12:29:21.647+07:00  INFO 16192 --- [BackEnd] [restartedMain] o.a.c.c.C.[Tomcat].[localhost].[/]       : Initializing Spring embedded WebApplicationContext
2024-08-15T12:29:21.648+07:00  INFO 16192 --- [BackEnd] [restartedMain] w.s.c.ServletWebServerApplicationContext : Root WebApplicationContext: initialization completed in 9148 ms
2024-08-15T12:29:22.090+07:00  INFO 16192 --- [BackEnd] [restartedMain] o.hibernate.jpa.internal.util.LogHelper  : HHH000204: Processing PersistenceUnitInfo [name: default]
2024-08-15T12:29:22.272+07:00  INFO 16192 --- [BackEnd] [restartedMain] org.hibernate.Version                    : HHH000412: Hibernate ORM core version 6.5.2.Final
2024-08-15T12:29:22.361+07:00  INFO 16192 --- [BackEnd] [restartedMain] o.h.c.internal.RegionFactoryInitiator    : HHH000026: Second-level cache disabled
2024-08-15T12:29:23.129+07:00  INFO 16192 --- [BackEnd] [restartedMain] o.s.o.j.p.SpringPersistenceUnitInfo      : No LoadTimeWeaver setup: ignoring JPA class transformer
2024-08-15T12:29:23.202+07:00  INFO 16192 --- [BackEnd] [restartedMain] com.zaxxer.hikari.HikariDataSource       : HikariPool-1 - Starting...
2024-08-15T12:29:24.173+07:00  INFO 16192 --- [BackEnd] [restartedMain] com.zaxxer.hikari.pool.HikariPool        : HikariPool-1 - Added connection ConnectionID:1 ClientConnectionId: 4682305e-1d31-48c7-8676-a786703bc379
2024-08-15T12:29:24.175+07:00  INFO 16192 --- [BackEnd] [restartedMain] com.zaxxer.hikari.HikariDataSource       : HikariPool-1 - Start completed.
2024-08-15T12:29:24.223+07:00  WARN 16192 --- [BackEnd] [restartedMain] org.hibernate.orm.deprecation            : HHH90000025: SQLServer2012Dialect does not need to be specified explicitly using 'hibernate.dialect' (remove the property setting and it will be selected by default)
2024-08-15T12:29:24.226+07:00  WARN 16192 --- [BackEnd] [restartedMain] org.hibernate.orm.deprecation            : HHH90000026: SQLServer2012Dialect has been deprecated; use org.hibernate.dialect.SQLServerDialect instead
2024-08-15T12:29:26.687+07:00  INFO 16192 --- [BackEnd] [restartedMain] o.h.e.t.j.p.i.JtaPlatformInitiator       : HHH000489: No JTA platform available (set 'hibernate.transaction.jta.platform' to enable JTA platform integration)
2024-08-15T12:29:38.467+07:00  INFO 16192 --- [BackEnd] [restartedMain] j.LocalContainerEntityManagerFactoryBean : Initialized JPA EntityManagerFactory for persistence unit 'default'
2024-08-15T12:29:40.423+07:00  INFO 16192 --- [BackEnd] [restartedMain] o.s.d.j.r.query.QueryEnhancerFactory     : Hibernate is in classpath; If applicable, HQL parser will be used.
2024-08-15T12:29:41.755+07:00  WARN 16192 --- [BackEnd] [restartedMain] JpaBaseConfiguration$JpaWebConfiguration : spring.jpa.open-in-view is enabled by default. Therefore, database queries may be performed during view rendering. Explicitly configure spring.jpa.open-in-view to disable this warning
2024-08-15T12:29:42.447+07:00  WARN 16192 --- [BackEnd] [restartedMain] ion$DefaultTemplateResolverConfiguration : Cannot find template location: classpath:/templates/ (please add some templates, check your Thymeleaf configuration, or set spring.thymeleaf.check-template-location=false)
2024-08-15T12:29:42.588+07:00  INFO 16192 --- [BackEnd] [restartedMain] o.s.b.d.a.OptionalLiveReloadServer       : LiveReload server is running on port 35729
2024-08-15T12:29:42.829+07:00  INFO 16192 --- [BackEnd] [restartedMain] o.s.b.w.embedded.tomcat.TomcatWebServer  : Tomcat started on port 1412 (http) with context path '/'
2024-08-15T12:29:42.849+07:00  INFO 16192 --- [BackEnd] [restartedMain] o.project4.backend.BackEndApplication    : Started BackEndApplication in 31.883 seconds (process running for 34.882)
2024-08-15T12:29:50.074+07:00  INFO 16192 --- [BackEnd] [http-nio-1412-exec-2] o.a.c.c.C.[Tomcat].[localhost].[/]       : Initializing Spring DispatcherServlet 'dispatcherServlet'
2024-08-15T12:29:50.074+07:00  INFO 16192 --- [BackEnd] [http-nio-1412-exec-2] o.s.web.servlet.DispatcherServlet        : Initializing Servlet 'dispatcherServlet'
2024-08-15T12:29:50.078+07:00  INFO 16192 --- [BackEnd] [http-nio-1412-exec-2] o.s.web.servlet.DispatcherServlet        : Completed initialization in 4 ms
2024-08-15T12:31:34.226+07:00  WARN 16192 --- [BackEnd] [http-nio-1412-exec-5] .w.s.m.s.DefaultHandlerExceptionResolver : Resolved [org.springframework.web.context.request.async.AsyncRequestNotUsableException: ServletOutputStream failed to write: java.io.IOException: An established connection was aborted by the software in your host machine]
2024-08-15T12:32:18.435+07:00  WARN 16192 --- [BackEnd] [http-nio-1412-exec-9] .w.s.m.s.DefaultHandlerExceptionResolver : Resolved [org.springframework.web.context.request.async.AsyncRequestNotUsableException: ServletOutputStream failed to write: java.io.IOException: An established connection was aborted by the software in your host machine]
2024-08-15T12:32:22.508+07:00  WARN 16192 --- [BackEnd] [http-nio-1412-exec-4] .w.s.m.s.DefaultHandlerExceptionResolver : Resolved [org.springframework.web.context.request.async.AsyncRequestNotUsableException: ServletOutputStream failed to write: java.io.IOException: An established connection was aborted by the software in your host machine]
2024-08-15T12:34:16.666+07:00  WARN 16192 --- [BackEnd] [http-nio-1412-exec-5] .w.s.m.s.DefaultHandlerExceptionResolver : Resolved [org.springframework.web.context.request.async.AsyncRequestNotUsableException: ServletOutputStream failed to write: java.io.IOException: An established connection was aborted by the software in your host machine]
2024-08-15T12:34:30.422+07:00  WARN 16192 --- [BackEnd] [http-nio-1412-exec-2] .w.s.m.s.DefaultHandlerExceptionResolver : Resolved [org.springframework.web.context.request.async.AsyncRequestNotUsableException: ServletOutputStream failed to write: java.io.IOException: An established connection was aborted by the software in your host machine]
2024-08-15T12:34:32.734+07:00  WARN 16192 --- [BackEnd] [http-nio-1412-exec-9] .w.s.m.s.DefaultHandlerExceptionResolver : Resolved [org.springframework.web.context.request.async.AsyncRequestNotUsableException: ServletOutputStream failed to write: java.io.IOException: An established connection was aborted by the software in your host machine]
2024-08-15T12:34:36.678+07:00  WARN 16192 --- [BackEnd] [http-nio-1412-exec-6] .w.s.m.s.DefaultHandlerExceptionResolver : Resolved [org.springframework.web.context.request.async.AsyncRequestNotUsableException: ServletOutputStream failed to write: java.io.IOException: An established connection was aborted by the software in your host machine]
2024-08-15T12:34:40.468+07:00  WARN 16192 --- [BackEnd] [http-nio-1412-exec-5] .w.s.m.s.DefaultHandlerExceptionResolver : Resolved [org.springframework.web.context.request.async.AsyncRequestNotUsableException: ServletOutputStream failed to write: java.io.IOException: An established connection was aborted by the software in your host machine]
2024-08-15T12:34:52.636+07:00  WARN 16192 --- [BackEnd] [http-nio-1412-exec-6] .w.s.m.s.DefaultHandlerExceptionResolver : Resolved [org.springframework.web.context.request.async.AsyncRequestNotUsableException: ServletOutputStream failed to write: java.io.IOException: An established connection was aborted by the software in your host machine]
2024-08-15T12:34:57.255+07:00  WARN 16192 --- [BackEnd] [http-nio-1412-exec-8] .w.s.m.s.DefaultHandlerExceptionResolver : Resolved [org.springframework.web.context.request.async.AsyncRequestNotUsableException: ServletOutputStream failed to write: java.io.IOException: An established connection was aborted by the software in your host machine]
2024-08-15T12:37:48.610+07:00  WARN 16192 --- [BackEnd] [http-nio-1412-exec-8] .w.s.m.s.DefaultHandlerExceptionResolver : Resolved [org.springframework.web.context.request.async.AsyncRequestNotUsableException: ServletOutputStream failed to write: java.io.IOException: An established connection was aborted by the software in your host machine]
2024-08-15T12:37:52.576+07:00  WARN 16192 --- [BackEnd] [http-nio-1412-exec-9] .w.s.m.s.DefaultHandlerExceptionResolver : Resolved [org.springframework.web.context.request.async.AsyncRequestNotUsableException: ServletOutputStream failed to write: java.io.IOException: An established connection was aborted by the software in your host machine]
2024-08-15T12:38:23.033+07:00  WARN 16192 --- [BackEnd] [http-nio-1412-exec-5] .w.s.m.s.DefaultHandlerExceptionResolver : Resolved [org.springframework.web.context.request.async.AsyncRequestNotUsableException: ServletOutputStream failed to write: java.io.IOException: An established connection was aborted by the software in your host machine]
2024-08-15T12:38:35.899+07:00  WARN 16192 --- [BackEnd] [http-nio-1412-exec-10] .w.s.m.s.DefaultHandlerExceptionResolver : Resolved [org.springframework.web.context.request.async.AsyncRequestNotUsableException: ServletOutputStream failed to write: java.io.IOException: An established connection was aborted by the software in your host machine]
2024-08-15T12:38:37.890+07:00  WARN 16192 --- [BackEnd] [http-nio-1412-exec-6] .w.s.m.s.DefaultHandlerExceptionResolver : Resolved [org.springframework.web.context.request.async.AsyncRequestNotUsableException: ServletOutputStream failed to write: java.io.IOException: An established connection was aborted by the software in your host machine]
2024-08-15T12:38:39.520+07:00  WARN 16192 --- [BackEnd] [http-nio-1412-exec-1] .w.s.m.s.DefaultHandlerExceptionResolver : Resolved [org.springframework.web.context.request.async.AsyncRequestNotUsableException: ServletOutputStream failed to write: java.io.IOException: An established connection was aborted by the software in your host machine]
2024-08-15T12:41:45.214+07:00  WARN 16192 --- [BackEnd] [http-nio-1412-exec-4] .w.s.m.s.DefaultHandlerExceptionResolver : Resolved [org.springframework.web.context.request.async.AsyncRequestNotUsableException: ServletOutputStream failed to write: java.io.IOException: An established connection was aborted by the software in your host machine]
2024-08-15T12:41:46.853+07:00  WARN 16192 --- [BackEnd] [http-nio-1412-exec-2] .w.s.m.s.DefaultHandlerExceptionResolver : Resolved [org.springframework.web.context.request.async.AsyncRequestNotUsableException: ServletOutputStream failed to write: java.io.IOException: An established connection was aborted by the software in your host machine]
2024-08-15T12:43:11.303+07:00  WARN 16192 --- [BackEnd] [http-nio-1412-exec-5] .w.s.m.s.DefaultHandlerExceptionResolver : Resolved [org.springframework.web.context.request.async.AsyncRequestNotUsableException: ServletOutputStream failed to write: java.io.IOException: An established connection was aborted by the software in your host machine]
2024-08-15T12:49:27.474+07:00  INFO 2764 --- [BackEnd] [restartedMain] o.project4.backend.BackEndApplication    : Starting BackEndApplication using Java 21.0.2 with PID 2764 (D:\3D_China_movie\BackEnd\target\classes started by ninhn in D:\3D_China_movie\BackEnd)
2024-08-15T12:49:27.479+07:00  INFO 2764 --- [BackEnd] [restartedMain] o.project4.backend.BackEndApplication    : No active profile set, falling back to 1 default profile: "default"
2024-08-15T12:49:27.639+07:00  INFO 2764 --- [BackEnd] [restartedMain] .e.DevToolsPropertyDefaultsPostProcessor : Devtools property defaults active! Set 'spring.devtools.add-properties' to 'false' to disable
2024-08-15T12:49:27.639+07:00  INFO 2764 --- [BackEnd] [restartedMain] .e.DevToolsPropertyDefaultsPostProcessor : For additional web related logging consider setting the 'logging.level.web' property to 'DEBUG'
2024-08-15T12:49:31.482+07:00  INFO 2764 --- [BackEnd] [restartedMain] .s.d.r.c.RepositoryConfigurationDelegate : Bootstrapping Spring Data JPA repositories in DEFAULT mode.
2024-08-15T12:49:31.781+07:00  INFO 2764 --- [BackEnd] [restartedMain] .s.d.r.c.RepositoryConfigurationDelegate : Finished Spring Data repository scanning in 287 ms. Found 17 JPA repository interfaces.
2024-08-15T12:49:32.272+07:00  WARN 2764 --- [BackEnd] [restartedMain] trationDelegate$BeanPostProcessorChecker : Bean 'org.springframework.ws.config.annotation.DelegatingWsConfiguration' of type [org.springframework.ws.config.annotation.DelegatingWsConfiguration$$SpringCGLIB$$0] is not eligible for getting processed by all BeanPostProcessors (for example: not eligible for auto-proxying). The currently created BeanPostProcessor [annotationActionEndpointMapping] is declared through a non-static factory method on that class; consider declaring it as static instead.
2024-08-15T12:49:32.360+07:00  INFO 2764 --- [BackEnd] [restartedMain] .w.s.a.s.AnnotationActionEndpointMapping : Supporting [WS-Addressing August 2004, WS-Addressing 1.0]
2024-08-15T12:49:33.685+07:00  INFO 2764 --- [BackEnd] [restartedMain] o.s.b.w.embedded.tomcat.TomcatWebServer  : Tomcat initialized with port 1412 (http)
2024-08-15T12:49:33.713+07:00  INFO 2764 --- [BackEnd] [restartedMain] o.apache.catalina.core.StandardService   : Starting service [Tomcat]
2024-08-15T12:49:33.714+07:00  INFO 2764 --- [BackEnd] [restartedMain] o.apache.catalina.core.StandardEngine    : Starting Servlet engine: [Apache Tomcat/10.1.26]
2024-08-15T12:49:33.844+07:00  INFO 2764 --- [BackEnd] [restartedMain] o.a.c.c.C.[Tomcat].[localhost].[/]       : Initializing Spring embedded WebApplicationContext
2024-08-15T12:49:33.845+07:00  INFO 2764 --- [BackEnd] [restartedMain] w.s.c.ServletWebServerApplicationContext : Root WebApplicationContext: initialization completed in 6204 ms
2024-08-15T12:49:34.294+07:00  INFO 2764 --- [BackEnd] [restartedMain] o.hibernate.jpa.internal.util.LogHelper  : HHH000204: Processing PersistenceUnitInfo [name: default]
2024-08-15T12:49:34.492+07:00  INFO 2764 --- [BackEnd] [restartedMain] org.hibernate.Version                    : HHH000412: Hibernate ORM core version 6.5.2.Final
2024-08-15T12:49:34.618+07:00  INFO 2764 --- [BackEnd] [restartedMain] o.h.c.internal.RegionFactoryInitiator    : HHH000026: Second-level cache disabled
2024-08-15T12:49:35.328+07:00  INFO 2764 --- [BackEnd] [restartedMain] o.s.o.j.p.SpringPersistenceUnitInfo      : No LoadTimeWeaver setup: ignoring JPA class transformer
2024-08-15T12:49:35.396+07:00  INFO 2764 --- [BackEnd] [restartedMain] com.zaxxer.hikari.HikariDataSource       : HikariPool-1 - Starting...
2024-08-15T12:49:36.244+07:00  INFO 2764 --- [BackEnd] [restartedMain] com.zaxxer.hikari.pool.HikariPool        : HikariPool-1 - Added connection ConnectionID:1 ClientConnectionId: 9e546e19-48ae-47c6-ab49-d0ab05f20c06
2024-08-15T12:49:36.249+07:00  INFO 2764 --- [BackEnd] [restartedMain] com.zaxxer.hikari.HikariDataSource       : HikariPool-1 - Start completed.
2024-08-15T12:49:36.329+07:00  WARN 2764 --- [BackEnd] [restartedMain] org.hibernate.orm.deprecation            : HHH90000025: SQLServer2012Dialect does not need to be specified explicitly using 'hibernate.dialect' (remove the property setting and it will be selected by default)
2024-08-15T12:49:36.332+07:00  WARN 2764 --- [BackEnd] [restartedMain] org.hibernate.orm.deprecation            : HHH90000026: SQLServer2012Dialect has been deprecated; use org.hibernate.dialect.SQLServerDialect instead
2024-08-15T12:49:39.114+07:00  INFO 2764 --- [BackEnd] [restartedMain] o.h.e.t.j.p.i.JtaPlatformInitiator       : HHH000489: No JTA platform available (set 'hibernate.transaction.jta.platform' to enable JTA platform integration)
2024-08-15T12:49:40.731+07:00  INFO 2764 --- [BackEnd] [restartedMain] j.LocalContainerEntityManagerFactoryBean : Initialized JPA EntityManagerFactory for persistence unit 'default'
2024-08-15T12:49:42.367+07:00  INFO 2764 --- [BackEnd] [restartedMain] o.s.d.j.r.query.QueryEnhancerFactory     : Hibernate is in classpath; If applicable, HQL parser will be used.
2024-08-15T12:49:43.300+07:00  WARN 2764 --- [BackEnd] [restartedMain] JpaBaseConfiguration$JpaWebConfiguration : spring.jpa.open-in-view is enabled by default. Therefore, database queries may be performed during view rendering. Explicitly configure spring.jpa.open-in-view to disable this warning
2024-08-15T12:49:44.069+07:00  WARN 2764 --- [BackEnd] [restartedMain] ion$DefaultTemplateResolverConfiguration : Cannot find template location: classpath:/templates/ (please add some templates, check your Thymeleaf configuration, or set spring.thymeleaf.check-template-location=false)
2024-08-15T12:49:44.239+07:00  INFO 2764 --- [BackEnd] [restartedMain] o.s.b.d.a.OptionalLiveReloadServer       : LiveReload server is running on port 35729
2024-08-15T12:49:44.430+07:00  INFO 2764 --- [BackEnd] [restartedMain] o.s.b.w.embedded.tomcat.TomcatWebServer  : Tomcat started on port 1412 (http) with context path '/'
2024-08-15T12:49:44.445+07:00  INFO 2764 --- [BackEnd] [restartedMain] o.project4.backend.BackEndApplication    : Started BackEndApplication in 18.065 seconds (process running for 20.456)
2024-08-15T12:50:18.821+07:00  INFO 2764 --- [BackEnd] [http-nio-1412-exec-3] o.a.c.c.C.[Tomcat].[localhost].[/]       : Initializing Spring DispatcherServlet 'dispatcherServlet'
2024-08-15T12:50:18.821+07:00  INFO 2764 --- [BackEnd] [http-nio-1412-exec-3] o.s.web.servlet.DispatcherServlet        : Initializing Servlet 'dispatcherServlet'
2024-08-15T12:50:18.827+07:00  INFO 2764 --- [BackEnd] [http-nio-1412-exec-3] o.s.web.servlet.DispatcherServlet        : Completed initialization in 5 ms
2024-08-15T12:51:00.809+07:00  WARN 2764 --- [BackEnd] [http-nio-1412-exec-1] .w.s.m.s.DefaultHandlerExceptionResolver : Resolved [org.springframework.web.context.request.async.AsyncRequestNotUsableException: ServletOutputStream failed to write: java.io.IOException: An established connection was aborted by the software in your host machine]
2024-08-15T12:51:02.997+07:00  WARN 2764 --- [BackEnd] [http-nio-1412-exec-8] .w.s.m.s.DefaultHandlerExceptionResolver : Resolved [org.springframework.web.context.request.async.AsyncRequestNotUsableException: ServletOutputStream failed to write: java.io.IOException: An established connection was aborted by the software in your host machine]
2024-08-15T12:51:04.610+07:00  WARN 2764 --- [BackEnd] [http-nio-1412-exec-5] .w.s.m.s.DefaultHandlerExceptionResolver : Resolved [org.springframework.web.context.request.async.AsyncRequestNotUsableException: ServletOutputStream failed to write: java.io.IOException: An established connection was aborted by the software in your host machine]
2024-08-15T13:10:58.069+07:00  WARN 2764 --- [BackEnd] [http-nio-1412-exec-7] .w.s.m.s.DefaultHandlerExceptionResolver : Resolved [org.springframework.web.context.request.async.AsyncRequestNotUsableException: ServletOutputStream failed to write: java.io.IOException: An established connection was aborted by the software in your host machine]
2024-08-15T13:20:37.672+07:00  WARN 2764 --- [BackEnd] [http-nio-1412-exec-10] .w.s.m.s.DefaultHandlerExceptionResolver : Resolved [org.springframework.web.context.request.async.AsyncRequestNotUsableException: ServletOutputStream failed to write: java.io.IOException: An established connection was aborted by the software in your host machine]
2024-08-15T13:54:00.642+07:00  WARN 2764 --- [BackEnd] [http-nio-1412-exec-6] .w.s.m.s.DefaultHandlerExceptionResolver : Resolved [org.springframework.web.context.request.async.AsyncRequestNotUsableException: ServletOutputStream failed to write: java.io.IOException: An established connection was aborted by the software in your host machine]
2024-08-15T13:54:14.515+07:00  WARN 2764 --- [BackEnd] [http-nio-1412-exec-8] .w.s.m.s.DefaultHandlerExceptionResolver : Resolved [org.springframework.web.context.request.async.AsyncRequestNotUsableException: ServletOutputStream failed to write: java.io.IOException: An established connection was aborted by the software in your host machine]
2024-08-15T13:56:34.493+07:00  INFO 2764 --- [BackEnd] [SpringApplicationShutdownHook] j.LocalContainerEntityManagerFactoryBean : Closing JPA EntityManagerFactory for persistence unit 'default'
2024-08-15T13:56:34.502+07:00  INFO 2764 --- [BackEnd] [SpringApplicationShutdownHook] com.zaxxer.hikari.HikariDataSource       : HikariPool-1 - Shutdown initiated...
2024-08-15T13:56:34.506+07:00  INFO 2764 --- [BackEnd] [SpringApplicationShutdownHook] com.zaxxer.hikari.HikariDataSource       : HikariPool-1 - Shutdown completed.
2024-08-15T13:56:48.601+07:00  INFO 13640 --- [BackEnd] [restartedMain] o.project4.backend.BackEndApplication    : Starting BackEndApplication using Java 21.0.2 with PID 13640 (D:\3D_China_movie\BackEnd\target\classes started by ninhn in D:\3D_China_movie\BackEnd)
2024-08-15T13:56:48.605+07:00  INFO 13640 --- [BackEnd] [restartedMain] o.project4.backend.BackEndApplication    : No active profile set, falling back to 1 default profile: "default"
2024-08-15T13:56:48.703+07:00  INFO 13640 --- [BackEnd] [restartedMain] .e.DevToolsPropertyDefaultsPostProcessor : Devtools property defaults active! Set 'spring.devtools.add-properties' to 'false' to disable
2024-08-15T13:56:48.703+07:00  INFO 13640 --- [BackEnd] [restartedMain] .e.DevToolsPropertyDefaultsPostProcessor : For additional web related logging consider setting the 'logging.level.web' property to 'DEBUG'
2024-08-15T13:56:50.083+07:00  INFO 13640 --- [BackEnd] [restartedMain] .s.d.r.c.RepositoryConfigurationDelegate : Bootstrapping Spring Data JPA repositories in DEFAULT mode.
2024-08-15T13:56:50.412+07:00  INFO 13640 --- [BackEnd] [restartedMain] .s.d.r.c.RepositoryConfigurationDelegate : Finished Spring Data repository scanning in 320 ms. Found 17 JPA repository interfaces.
2024-08-15T13:56:51.177+07:00  WARN 13640 --- [BackEnd] [restartedMain] trationDelegate$BeanPostProcessorChecker : Bean 'org.springframework.ws.config.annotation.DelegatingWsConfiguration' of type [org.springframework.ws.config.annotation.DelegatingWsConfiguration$$SpringCGLIB$$0] is not eligible for getting processed by all BeanPostProcessors (for example: not eligible for auto-proxying). The currently created BeanPostProcessor [annotationActionEndpointMapping] is declared through a non-static factory method on that class; consider declaring it as static instead.
2024-08-15T13:56:51.302+07:00  INFO 13640 --- [BackEnd] [restartedMain] .w.s.a.s.AnnotationActionEndpointMapping : Supporting [WS-Addressing August 2004, WS-Addressing 1.0]
2024-08-15T13:56:52.174+07:00  INFO 13640 --- [BackEnd] [restartedMain] o.s.b.w.embedded.tomcat.TomcatWebServer  : Tomcat initialized with port 1412 (http)
2024-08-15T13:56:52.200+07:00  INFO 13640 --- [BackEnd] [restartedMain] o.apache.catalina.core.StandardService   : Starting service [Tomcat]
2024-08-15T13:56:52.201+07:00  INFO 13640 --- [BackEnd] [restartedMain] o.apache.catalina.core.StandardEngine    : Starting Servlet engine: [Apache Tomcat/10.1.26]
2024-08-15T13:56:52.310+07:00  INFO 13640 --- [BackEnd] [restartedMain] o.a.c.c.C.[Tomcat].[localhost].[/]       : Initializing Spring embedded WebApplicationContext
2024-08-15T13:56:52.311+07:00  INFO 13640 --- [BackEnd] [restartedMain] w.s.c.ServletWebServerApplicationContext : Root WebApplicationContext: initialization completed in 3607 ms
2024-08-15T13:56:52.742+07:00  INFO 13640 --- [BackEnd] [restartedMain] o.hibernate.jpa.internal.util.LogHelper  : HHH000204: Processing PersistenceUnitInfo [name: default]
2024-08-15T13:56:52.884+07:00  INFO 13640 --- [BackEnd] [restartedMain] org.hibernate.Version                    : HHH000412: Hibernate ORM core version 6.5.2.Final
2024-08-15T13:56:52.960+07:00  INFO 13640 --- [BackEnd] [restartedMain] o.h.c.internal.RegionFactoryInitiator    : HHH000026: Second-level cache disabled
2024-08-15T13:56:53.417+07:00  INFO 13640 --- [BackEnd] [restartedMain] o.s.o.j.p.SpringPersistenceUnitInfo      : No LoadTimeWeaver setup: ignoring JPA class transformer
2024-08-15T13:56:53.453+07:00  INFO 13640 --- [BackEnd] [restartedMain] com.zaxxer.hikari.HikariDataSource       : HikariPool-1 - Starting...
2024-08-15T13:56:53.969+07:00  INFO 13640 --- [BackEnd] [restartedMain] com.zaxxer.hikari.pool.HikariPool        : HikariPool-1 - Added connection ConnectionID:1 ClientConnectionId: ddec0778-a901-41c1-ae0a-73489f71a598
2024-08-15T13:56:53.972+07:00  INFO 13640 --- [BackEnd] [restartedMain] com.zaxxer.hikari.HikariDataSource       : HikariPool-1 - Start completed.
2024-08-15T13:56:54.014+07:00  WARN 13640 --- [BackEnd] [restartedMain] org.hibernate.orm.deprecation            : HHH90000025: SQLServer2012Dialect does not need to be specified explicitly using 'hibernate.dialect' (remove the property setting and it will be selected by default)
2024-08-15T13:56:54.014+07:00  WARN 13640 --- [BackEnd] [restartedMain] org.hibernate.orm.deprecation            : HHH90000026: SQLServer2012Dialect has been deprecated; use org.hibernate.dialect.SQLServerDialect instead
2024-08-15T13:56:55.958+07:00  INFO 13640 --- [BackEnd] [restartedMain] o.h.e.t.j.p.i.JtaPlatformInitiator       : HHH000489: No JTA platform available (set 'hibernate.transaction.jta.platform' to enable JTA platform integration)
2024-08-15T13:56:57.127+07:00  INFO 13640 --- [BackEnd] [restartedMain] j.LocalContainerEntityManagerFactoryBean : Initialized JPA EntityManagerFactory for persistence unit 'default'
2024-08-15T13:56:58.204+07:00  INFO 13640 --- [BackEnd] [restartedMain] o.s.d.j.r.query.QueryEnhancerFactory     : Hibernate is in classpath; If applicable, HQL parser will be used.
2024-08-15T13:56:59.055+07:00  WARN 13640 --- [BackEnd] [restartedMain] JpaBaseConfiguration$JpaWebConfiguration : spring.jpa.open-in-view is enabled by default. Therefore, database queries may be performed during view rendering. Explicitly configure spring.jpa.open-in-view to disable this warning
2024-08-15T13:56:59.971+07:00  WARN 13640 --- [BackEnd] [restartedMain] ion$DefaultTemplateResolverConfiguration : Cannot find template location: classpath:/templates/ (please add some templates, check your Thymeleaf configuration, or set spring.thymeleaf.check-template-location=false)
2024-08-15T13:57:00.158+07:00  INFO 13640 --- [BackEnd] [restartedMain] o.s.b.d.a.OptionalLiveReloadServer       : LiveReload server is running on port 35729
2024-08-15T13:57:00.425+07:00  INFO 13640 --- [BackEnd] [restartedMain] o.s.b.w.embedded.tomcat.TomcatWebServer  : Tomcat started on port 1412 (http) with context path '/'
2024-08-15T13:57:00.440+07:00  INFO 13640 --- [BackEnd] [restartedMain] o.project4.backend.BackEndApplication    : Started BackEndApplication in 12.756 seconds (process running for 14.233)
2024-08-15T13:57:05.384+07:00  INFO 13640 --- [BackEnd] [http-nio-1412-exec-7] o.a.c.c.C.[Tomcat].[localhost].[/]       : Initializing Spring DispatcherServlet 'dispatcherServlet'
2024-08-15T13:57:05.384+07:00  INFO 13640 --- [BackEnd] [http-nio-1412-exec-7] o.s.web.servlet.DispatcherServlet        : Initializing Servlet 'dispatcherServlet'
2024-08-15T13:57:05.386+07:00  INFO 13640 --- [BackEnd] [http-nio-1412-exec-7] o.s.web.servlet.DispatcherServlet        : Completed initialization in 2 ms
2024-08-15T13:58:29.966+07:00  INFO 13640 --- [BackEnd] [SpringApplicationShutdownHook] j.LocalContainerEntityManagerFactoryBean : Closing JPA EntityManagerFactory for persistence unit 'default'
2024-08-15T13:58:29.970+07:00  INFO 13640 --- [BackEnd] [SpringApplicationShutdownHook] com.zaxxer.hikari.HikariDataSource       : HikariPool-1 - Shutdown initiated...
2024-08-15T13:58:29.972+07:00  INFO 13640 --- [BackEnd] [SpringApplicationShutdownHook] com.zaxxer.hikari.HikariDataSource       : HikariPool-1 - Shutdown completed.
